2020-08-24 09:28:55,945 INFO notifyConnectTimeout:200

2020-08-24 09:28:55,948 INFO notifySocketTimeout:8000

2020-08-24 09:28:55,948 INFO isHealthCheck:true

2020-08-24 09:28:55,949 INFO maxHealthCheckFailCount:12

2020-08-24 09:28:55,949 INFO maxContent:10485760

2020-08-24 09:28:56,804 INFO Schema 'NACOS' already exists.

2020-08-24 09:28:56,878 INFO Table/View 'CONFIG_INFO' already exists in Schema 'NACOS'.

2020-08-24 09:28:56,936 INFO Table/View 'HIS_CONFIG_INFO' already exists in Schema 'NACOS'.

2020-08-24 09:28:56,959 INFO Table/View 'CONFIG_INFO_BETA' already exists in Schema 'NACOS'.

2020-08-24 09:28:56,968 INFO Table/View 'CONFIG_INFO_TAG' already exists in Schema 'NACOS'.

2020-08-24 09:28:56,979 INFO Table/View 'CONFIG_INFO_AGGR' already exists in Schema 'NACOS'.

2020-08-24 09:28:56,990 INFO Table/View 'APP_LIST' already exists in Schema 'NACOS'.

2020-08-24 09:28:56,998 INFO Table/View 'APP_CONFIGDATA_RELATION_SUBS' already exists in Schema 'NACOS'.

2020-08-24 09:28:57,007 INFO Table/View 'APP_CONFIGDATA_RELATION_PUBS' already exists in Schema 'NACOS'.

2020-08-24 09:28:57,015 INFO Table/View 'CONFIG_TAGS_RELATION' already exists in Schema 'NACOS'.

2020-08-24 09:28:57,030 INFO Table/View 'GROUP_CAPACITY' already exists in Schema 'NACOS'.

2020-08-24 09:28:57,039 INFO Table/View 'TENANT_CAPACITY' already exists in Schema 'NACOS'.

2020-08-24 09:28:57,047 INFO Table/View 'TENANT_INFO' already exists in Schema 'NACOS'.

2020-08-24 09:28:57,059 INFO Table/View 'USERS' already exists in Schema 'NACOS'.

2020-08-24 09:28:57,067 INFO Table/View 'ROLES' already exists in Schema 'NACOS'.

2020-08-24 09:28:57,156 INFO The statement was aborted because it would have caused a duplicate key value in a unique or primary key constraint or unique index identified by 'SQL191225162605730' defined on 'USERS'.

2020-08-24 09:28:57,809 INFO ServerListService address-server port:8848

2020-08-24 09:28:57,809 INFO ADDRESS_SERVER_URL:http://jmenv.tbsite.net:8080/nacos/serverlist

2020-08-24 09:28:57,812 WARN [serverlist] updated to [192.168.1.36]

2020-08-24 09:28:57,936 WARN DumpService start

2020-08-24 09:28:57,941 INFO start clear all config-info.

2020-08-24 09:28:57,948 WARN clear all config-info failed.

2020-08-24 09:28:57,948 WARN clear all config-info-tenant failed.

2020-08-24 09:28:58,136 INFO [all-dump] 6 / 6

2020-08-24 09:28:58,136 INFO start clear all config-info-beta.

2020-08-24 09:28:58,137 WARN clear all config-info-beta failed.

2020-08-24 09:28:58,137 WARN clear all config-info-beta-tenant failed.

2020-08-24 09:28:58,157 INFO start clear all config-info-tag.

2020-08-24 09:28:58,158 WARN clear all config-info-tag failed.

2020-08-24 09:28:58,159 WARN clear all config-info-tag-tenant failed.

