2020-08-31 00:04:11,667 INFO PERFORMANCE:|2|0|-1|-1

2020-08-31 00:09:11,671 INFO PERFORMANCE:|2|0|-1|-1

2020-08-31 00:14:11,671 INFO PERFORMANCE:|2|0|-1|-1

2020-08-31 00:19:11,672 INFO PERFORMANCE:|2|0|-1|-1

2020-08-31 00:24:11,675 INFO PERFORMANCE:|2|0|-1|-1

2020-08-31 00:29:11,675 INFO PERFORMANCE:|2|0|-1|-1

2020-08-31 00:34:11,676 INFO PERFORMANCE:|2|0|-1|-1

2020-08-31 00:39:11,677 INFO PERFORMANCE:|2|0|-1|-1

2020-08-31 00:44:11,678 INFO PERFORMANCE:|2|0|-1|-1

2020-08-31 00:49:11,678 INFO PERFORMANCE:|2|0|-1|-1

2020-08-31 00:54:11,679 INFO PERFORMANCE:|2|0|-1|-1

2020-08-31 00:59:11,681 INFO PERFORMANCE:|2|0|-1|-1

2020-08-31 01:04:11,682 INFO PERFORMANCE:|2|0|-1|-1

2020-08-31 01:09:11,682 INFO PERFORMANCE:|2|0|-1|-1

2020-08-31 01:14:11,682 INFO PERFORMANCE:|2|0|-1|-1

2020-08-31 01:19:11,683 INFO PERFORMANCE:|2|0|-1|-1

2020-08-31 01:24:11,684 INFO PERFORMANCE:|2|0|-1|-1

2020-08-31 01:29:11,685 INFO PERFORMANCE:|2|0|-1|-1

2020-08-31 01:34:11,687 INFO PERFORMANCE:|2|0|-1|-1

2020-08-31 01:39:11,688 INFO PERFORMANCE:|2|0|-1|-1

2020-08-31 01:44:11,689 INFO PERFORMANCE:|2|0|-1|-1

2020-08-31 01:49:11,690 INFO PERFORMANCE:|2|0|-1|-1

2020-08-31 01:54:11,692 INFO PERFORMANCE:|2|0|-1|-1

2020-08-31 01:59:11,692 INFO PERFORMANCE:|2|0|-1|-1

2020-08-31 02:04:11,693 INFO PERFORMANCE:|2|0|-1|-1

2020-08-31 02:09:11,693 INFO PERFORMANCE:|2|0|-1|-1

2020-08-31 02:14:11,695 INFO PERFORMANCE:|2|0|-1|-1

2020-08-31 02:19:11,696 INFO PERFORMANCE:|2|0|-1|-1

2020-08-31 02:24:11,696 INFO PERFORMANCE:|2|0|-1|-1

2020-08-31 02:29:11,697 INFO PERFORMANCE:|2|0|-1|-1

2020-08-31 02:34:11,698 INFO PERFORMANCE:|2|0|-1|-1

2020-08-31 02:39:11,700 INFO PERFORMANCE:|2|0|-1|-1

2020-08-31 02:44:11,700 INFO PERFORMANCE:|2|0|-1|-1

2020-08-31 02:49:11,701 INFO PERFORMANCE:|2|0|-1|-1

2020-08-31 02:54:11,701 INFO PERFORMANCE:|2|0|-1|-1

2020-08-31 02:59:11,702 INFO PERFORMANCE:|2|0|-1|-1

2020-08-31 03:04:11,704 INFO PERFORMANCE:|2|0|-1|-1

2020-08-31 03:09:11,704 INFO PERFORMANCE:|2|0|-1|-1

2020-08-31 03:14:11,706 INFO PERFORMANCE:|2|0|-1|-1

2020-08-31 03:19:11,706 INFO PERFORMANCE:|2|0|-1|-1

2020-08-31 03:24:11,707 INFO PERFORMANCE:|2|0|-1|-1

2020-08-31 03:29:11,708 INFO PERFORMANCE:|2|0|-1|-1

2020-08-31 03:34:11,709 INFO PERFORMANCE:|2|0|-1|-1

2020-08-31 03:39:11,711 INFO PERFORMANCE:|2|0|-1|-1

2020-08-31 03:44:11,713 INFO PERFORMANCE:|2|0|-1|-1

2020-08-31 03:49:11,714 INFO PERFORMANCE:|2|0|-1|-1

2020-08-31 03:54:11,716 INFO PERFORMANCE:|2|0|-1|-1

2020-08-31 03:59:11,716 INFO PERFORMANCE:|2|0|-1|-1

2020-08-31 04:04:11,718 INFO PERFORMANCE:|2|0|-1|-1

2020-08-31 04:09:11,718 INFO PERFORMANCE:|2|0|-1|-1

2020-08-31 04:14:11,719 INFO PERFORMANCE:|2|0|-1|-1

2020-08-31 04:19:11,721 INFO PERFORMANCE:|2|0|-1|-1

2020-08-31 04:24:11,722 INFO PERFORMANCE:|2|0|-1|-1

2020-08-31 04:29:11,724 INFO PERFORMANCE:|2|0|-1|-1

2020-08-31 04:34:11,725 INFO PERFORMANCE:|2|0|-1|-1

2020-08-31 04:39:11,727 INFO PERFORMANCE:|2|0|-1|-1

2020-08-31 04:44:11,728 INFO PERFORMANCE:|2|0|-1|-1

2020-08-31 04:49:11,729 INFO PERFORMANCE:|2|0|-1|-1

2020-08-31 04:54:11,729 INFO PERFORMANCE:|2|0|-1|-1

2020-08-31 04:59:11,730 INFO PERFORMANCE:|2|0|-1|-1

2020-08-31 05:04:11,731 INFO PERFORMANCE:|2|0|-1|-1

2020-08-31 05:09:11,732 INFO PERFORMANCE:|2|0|-1|-1

2020-08-31 05:14:11,733 INFO PERFORMANCE:|2|0|-1|-1

2020-08-31 05:19:11,735 INFO PERFORMANCE:|2|0|-1|-1

2020-08-31 05:24:11,737 INFO PERFORMANCE:|2|0|-1|-1

2020-08-31 05:29:11,738 INFO PERFORMANCE:|2|0|-1|-1

2020-08-31 05:34:11,739 INFO PERFORMANCE:|2|0|-1|-1

2020-08-31 05:39:11,741 INFO PERFORMANCE:|2|0|-1|-1

2020-08-31 05:44:11,742 INFO PERFORMANCE:|2|0|-1|-1

2020-08-31 05:49:11,743 INFO PERFORMANCE:|2|0|-1|-1

2020-08-31 05:54:11,745 INFO PERFORMANCE:|2|0|-1|-1

2020-08-31 05:59:11,746 INFO PERFORMANCE:|2|0|-1|-1

2020-08-31 06:04:11,747 INFO PERFORMANCE:|2|0|-1|-1

2020-08-31 06:09:11,749 INFO PERFORMANCE:|2|0|-1|-1

2020-08-31 06:14:11,750 INFO PERFORMANCE:|2|0|-1|-1

2020-08-31 06:19:11,751 INFO PERFORMANCE:|2|0|-1|-1

2020-08-31 06:24:11,751 INFO PERFORMANCE:|2|0|-1|-1

2020-08-31 06:29:11,753 INFO PERFORMANCE:|2|0|-1|-1

2020-08-31 06:34:11,754 INFO PERFORMANCE:|2|0|-1|-1

2020-08-31 06:39:11,754 INFO PERFORMANCE:|2|0|-1|-1

2020-08-31 06:44:11,756 INFO PERFORMANCE:|2|0|-1|-1

2020-08-31 06:49:11,757 INFO PERFORMANCE:|2|0|-1|-1

2020-08-31 06:54:11,758 INFO PERFORMANCE:|2|0|-1|-1

2020-08-31 06:59:11,759 INFO PERFORMANCE:|2|0|-1|-1

2020-08-31 07:04:11,761 INFO PERFORMANCE:|2|0|-1|-1

2020-08-31 07:09:11,762 INFO PERFORMANCE:|2|0|-1|-1

2020-08-31 07:14:11,763 INFO PERFORMANCE:|2|0|-1|-1

2020-08-31 07:19:11,764 INFO PERFORMANCE:|2|0|-1|-1

2020-08-31 07:24:11,764 INFO PERFORMANCE:|2|0|-1|-1

2020-08-31 07:29:11,765 INFO PERFORMANCE:|2|0|-1|-1

2020-08-31 07:34:11,767 INFO PERFORMANCE:|2|0|-1|-1

2020-08-31 07:39:11,768 INFO PERFORMANCE:|2|0|-1|-1

2020-08-31 07:44:11,770 INFO PERFORMANCE:|2|0|-1|-1

2020-08-31 07:49:11,771 INFO PERFORMANCE:|2|0|-1|-1

2020-08-31 07:54:11,773 INFO PERFORMANCE:|2|0|-1|-1

2020-08-31 07:59:11,773 INFO PERFORMANCE:|2|0|-1|-1

2020-08-31 08:04:11,774 INFO PERFORMANCE:|2|0|-1|-1

2020-08-31 08:09:11,777 INFO PERFORMANCE:|2|0|-1|-1

2020-08-31 08:14:11,777 INFO PERFORMANCE:|2|0|-1|-1

2020-08-31 08:19:11,777 INFO PERFORMANCE:|2|0|-1|-1

2020-08-31 08:24:11,778 INFO PERFORMANCE:|2|0|-1|-1

2020-08-31 08:29:11,778 INFO PERFORMANCE:|2|0|-1|-1

2020-08-31 08:34:11,779 INFO PERFORMANCE:|2|0|-1|-1

2020-08-31 08:39:11,780 INFO PERFORMANCE:|2|0|-1|-1

2020-08-31 08:44:11,780 INFO PERFORMANCE:|2|0|-1|-1

2020-08-31 08:49:11,782 INFO PERFORMANCE:|2|0|-1|-1

2020-08-31 08:54:11,784 INFO PERFORMANCE:|2|0|-1|-1

2020-08-31 08:59:11,784 INFO PERFORMANCE:|2|0|-1|-1

2020-08-31 09:04:11,784 INFO PERFORMANCE:|2|0|-1|-1

2020-08-31 09:09:11,785 INFO PERFORMANCE:|2|0|-1|-1

2020-08-31 09:14:11,786 INFO PERFORMANCE:|2|0|-1|-1

2020-08-31 09:19:11,788 INFO PERFORMANCE:|2|0|-1|-1

2020-08-31 09:24:11,789 INFO PERFORMANCE:|2|0|-1|-1

2020-08-31 09:29:11,789 INFO PERFORMANCE:|2|0|-1|-1

2020-08-31 09:34:11,790 INFO PERFORMANCE:|2|0|-1|-1

2020-08-31 09:39:11,793 INFO PERFORMANCE:|2|0|-1|-1

2020-08-31 09:44:11,794 INFO PERFORMANCE:|2|0|-1|-1

2020-08-31 09:49:11,796 INFO PERFORMANCE:|2|0|-1|-1

2020-08-31 09:54:11,797 INFO PERFORMANCE:|2|0|-1|-1

2020-08-31 09:59:11,799 INFO PERFORMANCE:|2|0|-1|-1

2020-08-31 10:04:11,799 INFO PERFORMANCE:|2|0|-1|-1

2020-08-31 10:09:11,801 INFO PERFORMANCE:|2|0|-1|-1

2020-08-31 10:14:11,802 INFO PERFORMANCE:|2|0|-1|-1

2020-08-31 10:19:11,804 INFO PERFORMANCE:|2|0|-1|-1

2020-08-31 10:24:11,806 INFO PERFORMANCE:|2|0|-1|-1

2020-08-31 10:29:11,806 INFO PERFORMANCE:|2|0|-1|-1

2020-08-31 10:34:11,807 INFO PERFORMANCE:|2|0|-1|-1

2020-08-31 10:39:11,807 INFO PERFORMANCE:|2|0|-1|-1

2020-08-31 10:44:11,809 INFO PERFORMANCE:|2|0|-1|-1

2020-08-31 10:49:11,810 INFO PERFORMANCE:|2|0|-1|-1

2020-08-31 10:54:11,812 INFO PERFORMANCE:|2|0|-1|-1

2020-08-31 10:59:11,813 INFO PERFORMANCE:|2|0|-1|-1

2020-08-31 11:04:11,814 INFO PERFORMANCE:|2|0|-1|-1

2020-08-31 11:09:11,815 INFO PERFORMANCE:|2|0|-1|-1

2020-08-31 11:14:11,817 INFO PERFORMANCE:|2|0|-1|-1

2020-08-31 11:19:11,817 INFO PERFORMANCE:|2|0|-1|-1

2020-08-31 11:24:11,820 INFO PERFORMANCE:|2|0|-1|-1

2020-08-31 11:29:11,821 INFO PERFORMANCE:|2|0|-1|-1

2020-08-31 11:34:11,822 INFO PERFORMANCE:|2|0|-1|-1

2020-08-31 11:39:11,823 INFO PERFORMANCE:|2|0|-1|-1

2020-08-31 11:44:11,824 INFO PERFORMANCE:|2|0|-1|-1

2020-08-31 11:49:11,825 INFO PERFORMANCE:|2|0|-1|-1

2020-08-31 11:54:11,827 INFO PERFORMANCE:|2|0|-1|-1

2020-08-31 11:59:11,829 INFO PERFORMANCE:|2|0|-1|-1

2020-08-31 12:04:11,829 INFO PERFORMANCE:|2|0|-1|-1

2020-08-31 12:09:11,830 INFO PERFORMANCE:|2|0|-1|-1

2020-08-31 12:14:11,831 INFO PERFORMANCE:|2|0|-1|-1

2020-08-31 12:19:11,832 INFO PERFORMANCE:|2|0|-1|-1

2020-08-31 12:24:11,833 INFO PERFORMANCE:|2|0|-1|-1

2020-08-31 12:29:11,835 INFO PERFORMANCE:|2|0|-1|-1

2020-08-31 12:34:11,837 INFO PERFORMANCE:|2|0|-1|-1

2020-08-31 12:39:11,838 INFO PERFORMANCE:|2|0|-1|-1

2020-08-31 12:44:11,840 INFO PERFORMANCE:|2|0|-1|-1

2020-08-31 12:49:11,841 INFO PERFORMANCE:|2|0|-1|-1

2020-08-31 12:54:11,843 INFO PERFORMANCE:|2|0|-1|-1

2020-08-31 12:59:11,844 INFO PERFORMANCE:|2|0|-1|-1

2020-08-31 13:04:11,846 INFO PERFORMANCE:|2|0|-1|-1

2020-08-31 13:09:11,846 INFO PERFORMANCE:|2|0|-1|-1

2020-08-31 13:14:11,847 INFO PERFORMANCE:|2|0|-1|-1

2020-08-31 13:19:11,848 INFO PERFORMANCE:|2|0|-1|-1

2020-08-31 13:24:11,849 INFO PERFORMANCE:|2|0|-1|-1

2020-08-31 13:29:11,851 INFO PERFORMANCE:|2|0|-1|-1

2020-08-31 13:34:11,851 INFO PERFORMANCE:|2|0|-1|-1

2020-08-31 13:39:11,853 INFO PERFORMANCE:|2|0|-1|-1

2020-08-31 13:44:11,855 INFO PERFORMANCE:|2|0|-1|-1

2020-08-31 13:49:11,856 INFO PERFORMANCE:|2|0|-1|-1

2020-08-31 13:54:11,858 INFO PERFORMANCE:|2|0|-1|-1

2020-08-31 13:59:11,858 INFO PERFORMANCE:|2|0|-1|-1

2020-08-31 14:04:11,860 INFO PERFORMANCE:|2|0|-1|-1

2020-08-31 14:09:11,861 INFO PERFORMANCE:|2|0|-1|-1

2020-08-31 14:14:11,861 INFO PERFORMANCE:|2|0|-1|-1

2020-08-31 14:19:11,864 INFO PERFORMANCE:|2|0|-1|-1

2020-08-31 14:24:11,864 INFO PERFORMANCE:|2|0|-1|-1

2020-08-31 14:29:11,865 INFO PERFORMANCE:|2|0|-1|-1

2020-08-31 14:34:11,866 INFO PERFORMANCE:|2|0|-1|-1

2020-08-31 14:39:11,867 INFO PERFORMANCE:|2|0|-1|-1

2020-08-31 14:44:11,869 INFO PERFORMANCE:|2|0|-1|-1

2020-08-31 14:49:11,870 INFO PERFORMANCE:|2|0|-1|-1

2020-08-31 14:54:11,872 INFO PERFORMANCE:|2|0|-1|-1

2020-08-31 14:59:11,874 INFO PERFORMANCE:|2|0|-1|-1

2020-08-31 15:04:11,875 INFO PERFORMANCE:|2|0|-1|-1

2020-08-31 15:09:11,877 INFO PERFORMANCE:|2|0|-1|-1

2020-08-31 15:14:11,877 INFO PERFORMANCE:|2|0|-1|-1

2020-08-31 15:19:11,878 INFO PERFORMANCE:|2|0|-1|-1

2020-08-31 15:24:11,879 INFO PERFORMANCE:|2|0|-1|-1

2020-08-31 15:29:11,881 INFO PERFORMANCE:|2|0|-1|-1

2020-08-31 15:34:11,882 INFO PERFORMANCE:|2|0|-1|-1

2020-08-31 15:39:11,883 INFO PERFORMANCE:|2|0|-1|-1

2020-08-31 15:44:11,883 INFO PERFORMANCE:|2|0|-1|-1

2020-08-31 15:49:11,884 INFO PERFORMANCE:|2|0|-1|-1

2020-08-31 15:54:11,885 INFO PERFORMANCE:|2|0|-1|-1

2020-08-31 15:59:11,886 INFO PERFORMANCE:|2|0|-1|-1

2020-08-31 16:04:11,887 INFO PERFORMANCE:|2|0|-1|-1

2020-08-31 16:09:11,888 INFO PERFORMANCE:|2|0|-1|-1

2020-08-31 16:14:11,891 INFO PERFORMANCE:|2|0|-1|-1

2020-08-31 16:19:11,892 INFO PERFORMANCE:|2|0|-1|-1

2020-08-31 16:24:11,894 INFO PERFORMANCE:|2|0|-1|-1

