2020-07-10:10:38:16.395 [main] [INFO ] [org.springframework.context.support.PostProcessorRegistrationDelegate$BeanPostProcessorChecker:335] Bean 'org.springframework.cloud.autoconfigure.ConfigurationPropertiesRebinderAutoConfiguration' of type [org.springframework.cloud.autoconfigure.ConfigurationPropertiesRebinderAutoConfiguration] is not eligible for getting processed by all BeanPostProcessors (for example: not eligible for auto-proxying)
2020-07-10:10:38:16.920 [main] [INFO ] [GeneratorConfigTest:655                           ] The following profiles are active: dev
2020-07-10:10:38:18.540 [main] [WARN ] [org.springframework.boot.actuate.endpoint.EndpointId:155] Endpoint ID 'nacos-discovery' contains invalid characters, please migrate to a valid format.
2020-07-10:10:38:19.165 [main] [WARN ] [org.springframework.boot.actuate.endpoint.EndpointId:155] Endpoint ID 'service-registry' contains invalid characters, please migrate to a valid format.
2020-07-10:10:38:19.624 [main] [INFO ] [org.springframework.cloud.context.scope.GenericScope:295] BeanFactory id=d1e76668-b8e5-3a3d-b93f-1447071ee013
2020-07-10:10:38:20.772 [main] [INFO ] [org.springframework.context.support.PostProcessorRegistrationDelegate$BeanPostProcessorChecker:335] Bean 'org.springframework.security.access.expression.method.DefaultMethodSecurityExpressionHandler@75eaba95' of type [org.springframework.security.access.expression.method.DefaultMethodSecurityExpressionHandler] is not eligible for getting processed by all BeanPostProcessors (for example: not eligible for auto-proxying)
2020-07-10:10:38:20.809 [main] [INFO ] [org.springframework.context.support.PostProcessorRegistrationDelegate$BeanPostProcessorChecker:335] Bean 'methodSecurityMetadataSource' of type [org.springframework.security.access.method.DelegatingMethodSecurityMetadataSource] is not eligible for getting processed by all BeanPostProcessors (for example: not eligible for auto-proxying)
2020-07-10:10:38:20.864 [main] [INFO ] [org.springframework.context.support.PostProcessorRegistrationDelegate$BeanPostProcessorChecker:335] Bean 'spring.datasource.dynamic-com.baomidou.dynamic.datasource.spring.boot.autoconfigure.DynamicDataSourceProperties' of type [com.baomidou.dynamic.datasource.spring.boot.autoconfigure.DynamicDataSourceProperties] is not eligible for getting processed by all BeanPostProcessors (for example: not eligible for auto-proxying)
2020-07-10:10:38:20.870 [main] [INFO ] [org.springframework.context.support.PostProcessorRegistrationDelegate$BeanPostProcessorChecker:335] Bean 'com.baomidou.dynamic.datasource.spring.boot.autoconfigure.DynamicDataSourceAutoConfiguration' of type [com.baomidou.dynamic.datasource.spring.boot.autoconfigure.DynamicDataSourceAutoConfiguration$$EnhancerBySpringCGLIB$$713dcf4a] is not eligible for getting processed by all BeanPostProcessors (for example: not eligible for auto-proxying)
2020-07-10:10:38:20.908 [main] [INFO ] [org.springframework.context.support.PostProcessorRegistrationDelegate$BeanPostProcessorChecker:335] Bean 'dsProcessor' of type [com.baomidou.dynamic.datasource.processor.DsHeaderProcessor] is not eligible for getting processed by all BeanPostProcessors (for example: not eligible for auto-proxying)
2020-07-10:10:38:20.945 [main] [INFO ] [org.springframework.context.support.PostProcessorRegistrationDelegate$BeanPostProcessorChecker:335] Bean 'dynamicDatasourceAnnotationAdvisor' of type [com.baomidou.dynamic.datasource.aop.DynamicDataSourceAnnotationAdvisor] is not eligible for getting processed by all BeanPostProcessors (for example: not eligible for auto-proxying)
2020-07-10:10:38:20.991 [main] [INFO ] [org.springframework.context.support.PostProcessorRegistrationDelegate$BeanPostProcessorChecker:335] Bean 'org.springframework.cloud.autoconfigure.ConfigurationPropertiesRebinderAutoConfiguration' of type [org.springframework.cloud.autoconfigure.ConfigurationPropertiesRebinderAutoConfiguration] is not eligible for getting processed by all BeanPostProcessors (for example: not eligible for auto-proxying)
2020-07-10:10:38:21.013 [main] [INFO ] [org.springframework.context.support.PostProcessorRegistrationDelegate$BeanPostProcessorChecker:335] Bean 'org.springframework.cloud.client.loadbalancer.reactive.LoadBalancerBeanPostProcessorAutoConfiguration' of type [org.springframework.cloud.client.loadbalancer.reactive.LoadBalancerBeanPostProcessorAutoConfiguration] is not eligible for getting processed by all BeanPostProcessors (for example: not eligible for auto-proxying)
2020-07-10:10:38:21.022 [main] [INFO ] [org.springframework.context.support.PostProcessorRegistrationDelegate$BeanPostProcessorChecker:335] Bean 'org.springframework.cloud.client.loadbalancer.reactive.LoadBalancerBeanPostProcessorAutoConfiguration$ReactiveLoadBalancerConfig' of type [org.springframework.cloud.client.loadbalancer.reactive.LoadBalancerBeanPostProcessorAutoConfiguration$ReactiveLoadBalancerConfig] is not eligible for getting processed by all BeanPostProcessors (for example: not eligible for auto-proxying)
2020-07-10:10:38:21.030 [main] [INFO ] [org.springframework.context.support.PostProcessorRegistrationDelegate$BeanPostProcessorChecker:335] Bean 'deferringLoadBalancerExchangeFilterFunction' of type [org.springframework.cloud.client.loadbalancer.reactive.DeferringLoadBalancerExchangeFilterFunction] is not eligible for getting processed by all BeanPostProcessors (for example: not eligible for auto-proxying)
2020-07-10:10:38:21.265 [main] [INFO ] [com.zaxxer.hikari.HikariDataSource:80             ] base - Starting...
2020-07-10:10:38:22.095 [main] [INFO ] [com.zaxxer.hikari.HikariDataSource:82             ] base - Start completed.
2020-07-10:10:38:22.095 [main] [INFO ] [com.baomidou.dynamic.datasource.DynamicRoutingDataSource:144] dynamic-datasource - load a datasource named [base] success
2020-07-10:10:38:22.096 [main] [INFO ] [com.baomidou.dynamic.datasource.DynamicRoutingDataSource:216] dynamic-datasource initial loaded [1] datasource,primary datasource named [base]
2020-07-10:10:38:24.171 [main] [INFO ] [com.netflix.config.sources.URLConfigurationSource:126] URLs to be used as dynamic configuration source: [file:/C:/Home/ws/service/resource/code/target/classes/config.properties]
2020-07-10:10:38:24.221 [main] [INFO ] [com.netflix.config.DynamicPropertyFactory:281     ] DynamicPropertyFactory is initialized with configuration sources: com.netflix.config.ConcurrentCompositeConfiguration@16391278
2020-07-10:10:38:25.819 [main] [INFO ] [org.springframework.boot.actuate.endpoint.web.EndpointLinksResolver:58] Exposing 2 endpoint(s) beneath base path '/actuator'
2020-07-10:10:38:26.960 [main] [INFO ] [com.netflix.config.sources.URLConfigurationSource:126] URLs to be used as dynamic configuration source: [file:/C:/Home/ws/service/resource/code/target/classes/config.properties]
2020-07-10:10:38:27.399 [main] [INFO ] [org.springframework.scheduling.concurrent.ThreadPoolTaskExecutor:181] Initializing ExecutorService 'applicationTaskExecutor'
2020-07-10:10:38:27.978 [main] [INFO ] [org.springframework.scheduling.concurrent.ThreadPoolTaskScheduler:181] Initializing ExecutorService 'Nacso-Watch-Task-Scheduler'
2020-07-10:10:38:28.161 [main] [INFO ] [springfox.documentation.spring.web.PropertySourcedRequestMappingHandlerMapping:69] Mapped URL path [/v2/api-docs] onto method [springfox.documentation.swagger2.web.Swagger2Controller#getDocumentation(String, HttpServletRequest)]
2020-07-10:10:38:29.582 [main] [INFO ] [org.springframework.security.web.DefaultSecurityFilterChain:43] Creating filter chain: OrRequestMatcher [requestMatchers=[Ant [pattern='/**']]], [org.springframework.security.web.context.request.async.WebAsyncManagerIntegrationFilter@6ca367aa, org.springframework.security.web.context.SecurityContextPersistenceFilter@5030997b, org.springframework.security.web.header.HeaderWriterFilter@67d180e4, org.springframework.security.web.authentication.logout.LogoutFilter@9499643, org.springframework.security.oauth2.provider.authentication.OAuth2AuthenticationProcessingFilter@40cb95c1, org.springframework.security.web.authentication.www.BasicAuthenticationFilter@1ed12d10, org.springframework.security.web.savedrequest.RequestCacheAwareFilter@7de2bdc7, org.springframework.security.web.servletapi.SecurityContextHolderAwareRequestFilter@1554eaa4, org.springframework.security.web.authentication.AnonymousAuthenticationFilter@30ed4034, org.springframework.security.web.session.SessionManagementFilter@504c415c, org.springframework.security.web.access.ExceptionTranslationFilter@78e97d4d, org.springframework.security.web.access.intercept.FilterSecurityInterceptor@215a329c]
2020-07-10:10:38:31.190 [main] [INFO ] [springfox.documentation.spring.web.plugins.DocumentationPluginsBootstrapper:160] Context refreshed
2020-07-10:10:38:31.234 [main] [INFO ] [springfox.documentation.spring.web.plugins.DocumentationPluginsBootstrapper:163] Found 1 custom documentation plugin(s)
2020-07-10:10:38:31.314 [main] [INFO ] [springfox.documentation.spring.web.scanners.ApiListingReferenceScanner:41] Scanning for api listing references
2020-07-10:10:38:31.661 [main] [INFO ] [GeneratorConfigTest:61                            ] Started GeneratorConfigTest in 16.576 seconds (JVM running for 18.603)
2020-07-10:10:38:32.429 [SpringContextShutdownHook] [INFO ] [org.springframework.scheduling.concurrent.ThreadPoolTaskExecutor:218] Shutting down ExecutorService 'applicationTaskExecutor'
2020-07-10:10:38:32.438 [SpringContextShutdownHook] [INFO ] [com.baomidou.dynamic.datasource.DynamicRoutingDataSource:184] dynamic-datasource start closing ....
2020-07-10:10:38:32.438 [SpringContextShutdownHook] [INFO ] [com.zaxxer.hikari.HikariDataSource:350            ] base - Shutdown initiated...
2020-07-10:10:38:32.446 [SpringContextShutdownHook] [INFO ] [com.zaxxer.hikari.HikariDataSource:352            ] base - Shutdown completed.
2020-07-10:10:38:32.447 [SpringContextShutdownHook] [INFO ] [com.baomidou.dynamic.datasource.DynamicRoutingDataSource:200] dynamic-datasource all closed success,bye
