2020-07-09:15:35:19.986 [main] [INFO ] [org.springframework.context.support.PostProcessorRegistrationDelegate$BeanPostProcessorChecker:335] Bean 'org.springframework.cloud.autoconfigure.ConfigurationPropertiesRebinderAutoConfiguration' of type [org.springframework.cloud.autoconfigure.ConfigurationPropertiesRebinderAutoConfiguration] is not eligible for getting processed by all BeanPostProcessors (for example: not eligible for auto-proxying)
2020-07-09:15:35:20.501 [main] [INFO ] [GeneratorConfigTest:655                           ] The following profiles are active: dev
2020-07-09:15:35:22.258 [main] [WARN ] [org.springframework.boot.actuate.endpoint.EndpointId:155] Endpoint ID 'nacos-discovery' contains invalid characters, please migrate to a valid format.
2020-07-09:15:35:22.923 [main] [WARN ] [org.springframework.boot.actuate.endpoint.EndpointId:155] Endpoint ID 'service-registry' contains invalid characters, please migrate to a valid format.
2020-07-09:15:35:23.411 [main] [INFO ] [org.springframework.cloud.context.scope.GenericScope:295] BeanFactory id=2393ba06-ef22-3be2-a00e-88ea14ac6f9e
2020-07-09:15:35:24.690 [main] [INFO ] [org.springframework.context.support.PostProcessorRegistrationDelegate$BeanPostProcessorChecker:335] Bean 'org.springframework.security.access.expression.method.DefaultMethodSecurityExpressionHandler@6b27b2d0' of type [org.springframework.security.access.expression.method.DefaultMethodSecurityExpressionHandler] is not eligible for getting processed by all BeanPostProcessors (for example: not eligible for auto-proxying)
2020-07-09:15:35:24.722 [main] [INFO ] [org.springframework.context.support.PostProcessorRegistrationDelegate$BeanPostProcessorChecker:335] Bean 'methodSecurityMetadataSource' of type [org.springframework.security.access.method.DelegatingMethodSecurityMetadataSource] is not eligible for getting processed by all BeanPostProcessors (for example: not eligible for auto-proxying)
2020-07-09:15:35:24.797 [main] [INFO ] [org.springframework.context.support.PostProcessorRegistrationDelegate$BeanPostProcessorChecker:335] Bean 'spring.datasource.dynamic-com.baomidou.dynamic.datasource.spring.boot.autoconfigure.DynamicDataSourceProperties' of type [com.baomidou.dynamic.datasource.spring.boot.autoconfigure.DynamicDataSourceProperties] is not eligible for getting processed by all BeanPostProcessors (for example: not eligible for auto-proxying)
2020-07-09:15:35:24.812 [main] [INFO ] [org.springframework.context.support.PostProcessorRegistrationDelegate$BeanPostProcessorChecker:335] Bean 'com.baomidou.dynamic.datasource.spring.boot.autoconfigure.DynamicDataSourceAutoConfiguration' of type [com.baomidou.dynamic.datasource.spring.boot.autoconfigure.DynamicDataSourceAutoConfiguration$$EnhancerBySpringCGLIB$$96dbca18] is not eligible for getting processed by all BeanPostProcessors (for example: not eligible for auto-proxying)
2020-07-09:15:35:24.856 [main] [INFO ] [org.springframework.context.support.PostProcessorRegistrationDelegate$BeanPostProcessorChecker:335] Bean 'dsProcessor' of type [com.baomidou.dynamic.datasource.processor.DsHeaderProcessor] is not eligible for getting processed by all BeanPostProcessors (for example: not eligible for auto-proxying)
2020-07-09:15:35:24.887 [main] [INFO ] [org.springframework.context.support.PostProcessorRegistrationDelegate$BeanPostProcessorChecker:335] Bean 'dynamicDatasourceAnnotationAdvisor' of type [com.baomidou.dynamic.datasource.aop.DynamicDataSourceAnnotationAdvisor] is not eligible for getting processed by all BeanPostProcessors (for example: not eligible for auto-proxying)
2020-07-09:15:35:24.952 [main] [INFO ] [org.springframework.context.support.PostProcessorRegistrationDelegate$BeanPostProcessorChecker:335] Bean 'org.springframework.cloud.autoconfigure.ConfigurationPropertiesRebinderAutoConfiguration' of type [org.springframework.cloud.autoconfigure.ConfigurationPropertiesRebinderAutoConfiguration] is not eligible for getting processed by all BeanPostProcessors (for example: not eligible for auto-proxying)
2020-07-09:15:35:24.972 [main] [INFO ] [org.springframework.context.support.PostProcessorRegistrationDelegate$BeanPostProcessorChecker:335] Bean 'org.springframework.cloud.client.loadbalancer.reactive.LoadBalancerBeanPostProcessorAutoConfiguration' of type [org.springframework.cloud.client.loadbalancer.reactive.LoadBalancerBeanPostProcessorAutoConfiguration] is not eligible for getting processed by all BeanPostProcessors (for example: not eligible for auto-proxying)
2020-07-09:15:35:24.983 [main] [INFO ] [org.springframework.context.support.PostProcessorRegistrationDelegate$BeanPostProcessorChecker:335] Bean 'org.springframework.cloud.client.loadbalancer.reactive.LoadBalancerBeanPostProcessorAutoConfiguration$ReactiveLoadBalancerConfig' of type [org.springframework.cloud.client.loadbalancer.reactive.LoadBalancerBeanPostProcessorAutoConfiguration$ReactiveLoadBalancerConfig] is not eligible for getting processed by all BeanPostProcessors (for example: not eligible for auto-proxying)
2020-07-09:15:35:24.994 [main] [INFO ] [org.springframework.context.support.PostProcessorRegistrationDelegate$BeanPostProcessorChecker:335] Bean 'deferringLoadBalancerExchangeFilterFunction' of type [org.springframework.cloud.client.loadbalancer.reactive.DeferringLoadBalancerExchangeFilterFunction] is not eligible for getting processed by all BeanPostProcessors (for example: not eligible for auto-proxying)
2020-07-09:15:35:25.290 [main] [INFO ] [com.zaxxer.hikari.HikariDataSource:80             ] base - Starting...
2020-07-09:15:35:26.477 [main] [INFO ] [com.zaxxer.hikari.HikariDataSource:82             ] base - Start completed.
2020-07-09:15:35:26.478 [main] [INFO ] [com.baomidou.dynamic.datasource.DynamicRoutingDataSource:144] dynamic-datasource - load a datasource named [base] success
2020-07-09:15:35:26.479 [main] [INFO ] [com.baomidou.dynamic.datasource.DynamicRoutingDataSource:216] dynamic-datasource initial loaded [1] datasource,primary datasource named [base]
2020-07-09:15:35:33.341 [main] [INFO ] [com.netflix.config.sources.URLConfigurationSource:126] URLs to be used as dynamic configuration source: [file:/C:/Home/ws/service/resource/code/target/classes/config.properties]
2020-07-09:15:35:33.403 [main] [INFO ] [com.netflix.config.DynamicPropertyFactory:281     ] DynamicPropertyFactory is initialized with configuration sources: com.netflix.config.ConcurrentCompositeConfiguration@280484c7
2020-07-09:15:35:36.015 [main] [INFO ] [org.springframework.boot.actuate.endpoint.web.EndpointLinksResolver:58] Exposing 2 endpoint(s) beneath base path '/actuator'
2020-07-09:15:35:37.397 [main] [INFO ] [com.netflix.config.sources.URLConfigurationSource:126] URLs to be used as dynamic configuration source: [file:/C:/Home/ws/service/resource/code/target/classes/config.properties]
2020-07-09:15:35:37.910 [main] [INFO ] [org.springframework.scheduling.concurrent.ThreadPoolTaskExecutor:181] Initializing ExecutorService 'applicationTaskExecutor'
2020-07-09:15:35:38.468 [main] [INFO ] [org.springframework.scheduling.concurrent.ThreadPoolTaskScheduler:181] Initializing ExecutorService 'Nacso-Watch-Task-Scheduler'
2020-07-09:15:35:38.623 [main] [INFO ] [springfox.documentation.spring.web.PropertySourcedRequestMappingHandlerMapping:69] Mapped URL path [/v2/api-docs] onto method [springfox.documentation.swagger2.web.Swagger2Controller#getDocumentation(String, HttpServletRequest)]
2020-07-09:15:35:40.334 [main] [INFO ] [org.springframework.security.web.DefaultSecurityFilterChain:43] Creating filter chain: OrRequestMatcher [requestMatchers=[Ant [pattern='/**']]], [org.springframework.security.web.context.request.async.WebAsyncManagerIntegrationFilter@2de7fe0e, org.springframework.security.web.context.SecurityContextPersistenceFilter@667dd150, org.springframework.security.web.header.HeaderWriterFilter@6843fdc4, org.springframework.security.web.authentication.logout.LogoutFilter@62c47480, org.springframework.security.oauth2.provider.authentication.OAuth2AuthenticationProcessingFilter@45f95ac0, org.springframework.security.web.authentication.www.BasicAuthenticationFilter@7fa85a55, org.springframework.security.web.savedrequest.RequestCacheAwareFilter@758d4aa9, org.springframework.security.web.servletapi.SecurityContextHolderAwareRequestFilter@67d180e4, org.springframework.security.web.authentication.AnonymousAuthenticationFilter@2ff8d39b, org.springframework.security.web.session.SessionManagementFilter@3abadb65, org.springframework.security.web.access.ExceptionTranslationFilter@5305f936, org.springframework.security.web.access.intercept.FilterSecurityInterceptor@37ade216]
2020-07-09:15:35:42.121 [main] [INFO ] [springfox.documentation.spring.web.plugins.DocumentationPluginsBootstrapper:160] Context refreshed
2020-07-09:15:35:42.161 [main] [INFO ] [springfox.documentation.spring.web.plugins.DocumentationPluginsBootstrapper:163] Found 1 custom documentation plugin(s)
2020-07-09:15:35:42.227 [main] [INFO ] [springfox.documentation.spring.web.scanners.ApiListingReferenceScanner:41] Scanning for api listing references
2020-07-09:15:35:42.603 [main] [INFO ] [GeneratorConfigTest:61                            ] Started GeneratorConfigTest in 24.08 seconds (JVM running for 26.134)
2020-07-09:15:35:43.567 [SpringContextShutdownHook] [INFO ] [org.springframework.scheduling.concurrent.ThreadPoolTaskExecutor:218] Shutting down ExecutorService 'applicationTaskExecutor'
2020-07-09:15:35:43.578 [SpringContextShutdownHook] [INFO ] [com.baomidou.dynamic.datasource.DynamicRoutingDataSource:184] dynamic-datasource start closing ....
2020-07-09:15:35:43.578 [SpringContextShutdownHook] [INFO ] [com.zaxxer.hikari.HikariDataSource:350            ] base - Shutdown initiated...
2020-07-09:15:35:43.586 [SpringContextShutdownHook] [INFO ] [com.zaxxer.hikari.HikariDataSource:352            ] base - Shutdown completed.
2020-07-09:15:35:43.587 [SpringContextShutdownHook] [INFO ] [com.baomidou.dynamic.datasource.DynamicRoutingDataSource:200] dynamic-datasource all closed success,bye
2020-07-09:15:36:25.064 [main] [INFO ] [org.springframework.context.support.PostProcessorRegistrationDelegate$BeanPostProcessorChecker:335] Bean 'org.springframework.cloud.autoconfigure.ConfigurationPropertiesRebinderAutoConfiguration' of type [org.springframework.cloud.autoconfigure.ConfigurationPropertiesRebinderAutoConfiguration] is not eligible for getting processed by all BeanPostProcessors (for example: not eligible for auto-proxying)
2020-07-09:15:36:25.525 [main] [INFO ] [GeneratorConfigTest:655                           ] The following profiles are active: dev
2020-07-09:15:36:27.172 [main] [WARN ] [org.springframework.boot.actuate.endpoint.EndpointId:155] Endpoint ID 'nacos-discovery' contains invalid characters, please migrate to a valid format.
2020-07-09:15:36:27.791 [main] [WARN ] [org.springframework.boot.actuate.endpoint.EndpointId:155] Endpoint ID 'service-registry' contains invalid characters, please migrate to a valid format.
2020-07-09:15:36:28.228 [main] [INFO ] [org.springframework.cloud.context.scope.GenericScope:295] BeanFactory id=2393ba06-ef22-3be2-a00e-88ea14ac6f9e
2020-07-09:15:36:29.338 [main] [INFO ] [org.springframework.context.support.PostProcessorRegistrationDelegate$BeanPostProcessorChecker:335] Bean 'org.springframework.security.access.expression.method.DefaultMethodSecurityExpressionHandler@118041c7' of type [org.springframework.security.access.expression.method.DefaultMethodSecurityExpressionHandler] is not eligible for getting processed by all BeanPostProcessors (for example: not eligible for auto-proxying)
2020-07-09:15:36:29.371 [main] [INFO ] [org.springframework.context.support.PostProcessorRegistrationDelegate$BeanPostProcessorChecker:335] Bean 'methodSecurityMetadataSource' of type [org.springframework.security.access.method.DelegatingMethodSecurityMetadataSource] is not eligible for getting processed by all BeanPostProcessors (for example: not eligible for auto-proxying)
2020-07-09:15:36:29.430 [main] [INFO ] [org.springframework.context.support.PostProcessorRegistrationDelegate$BeanPostProcessorChecker:335] Bean 'spring.datasource.dynamic-com.baomidou.dynamic.datasource.spring.boot.autoconfigure.DynamicDataSourceProperties' of type [com.baomidou.dynamic.datasource.spring.boot.autoconfigure.DynamicDataSourceProperties] is not eligible for getting processed by all BeanPostProcessors (for example: not eligible for auto-proxying)
2020-07-09:15:36:29.438 [main] [INFO ] [org.springframework.context.support.PostProcessorRegistrationDelegate$BeanPostProcessorChecker:335] Bean 'com.baomidou.dynamic.datasource.spring.boot.autoconfigure.DynamicDataSourceAutoConfiguration' of type [com.baomidou.dynamic.datasource.spring.boot.autoconfigure.DynamicDataSourceAutoConfiguration$$EnhancerBySpringCGLIB$$96dbca18] is not eligible for getting processed by all BeanPostProcessors (for example: not eligible for auto-proxying)
2020-07-09:15:36:29.479 [main] [INFO ] [org.springframework.context.support.PostProcessorRegistrationDelegate$BeanPostProcessorChecker:335] Bean 'dsProcessor' of type [com.baomidou.dynamic.datasource.processor.DsHeaderProcessor] is not eligible for getting processed by all BeanPostProcessors (for example: not eligible for auto-proxying)
2020-07-09:15:36:29.509 [main] [INFO ] [org.springframework.context.support.PostProcessorRegistrationDelegate$BeanPostProcessorChecker:335] Bean 'dynamicDatasourceAnnotationAdvisor' of type [com.baomidou.dynamic.datasource.aop.DynamicDataSourceAnnotationAdvisor] is not eligible for getting processed by all BeanPostProcessors (for example: not eligible for auto-proxying)
2020-07-09:15:36:29.553 [main] [INFO ] [org.springframework.context.support.PostProcessorRegistrationDelegate$BeanPostProcessorChecker:335] Bean 'org.springframework.cloud.autoconfigure.ConfigurationPropertiesRebinderAutoConfiguration' of type [org.springframework.cloud.autoconfigure.ConfigurationPropertiesRebinderAutoConfiguration] is not eligible for getting processed by all BeanPostProcessors (for example: not eligible for auto-proxying)
2020-07-09:15:36:29.569 [main] [INFO ] [org.springframework.context.support.PostProcessorRegistrationDelegate$BeanPostProcessorChecker:335] Bean 'org.springframework.cloud.client.loadbalancer.reactive.LoadBalancerBeanPostProcessorAutoConfiguration' of type [org.springframework.cloud.client.loadbalancer.reactive.LoadBalancerBeanPostProcessorAutoConfiguration] is not eligible for getting processed by all BeanPostProcessors (for example: not eligible for auto-proxying)
2020-07-09:15:36:29.577 [main] [INFO ] [org.springframework.context.support.PostProcessorRegistrationDelegate$BeanPostProcessorChecker:335] Bean 'org.springframework.cloud.client.loadbalancer.reactive.LoadBalancerBeanPostProcessorAutoConfiguration$ReactiveLoadBalancerConfig' of type [org.springframework.cloud.client.loadbalancer.reactive.LoadBalancerBeanPostProcessorAutoConfiguration$ReactiveLoadBalancerConfig] is not eligible for getting processed by all BeanPostProcessors (for example: not eligible for auto-proxying)
2020-07-09:15:36:29.584 [main] [INFO ] [org.springframework.context.support.PostProcessorRegistrationDelegate$BeanPostProcessorChecker:335] Bean 'deferringLoadBalancerExchangeFilterFunction' of type [org.springframework.cloud.client.loadbalancer.reactive.DeferringLoadBalancerExchangeFilterFunction] is not eligible for getting processed by all BeanPostProcessors (for example: not eligible for auto-proxying)
2020-07-09:15:36:29.797 [main] [INFO ] [com.zaxxer.hikari.HikariDataSource:80             ] base - Starting...
2020-07-09:15:36:30.519 [main] [INFO ] [com.zaxxer.hikari.HikariDataSource:82             ] base - Start completed.
2020-07-09:15:36:30.519 [main] [INFO ] [com.baomidou.dynamic.datasource.DynamicRoutingDataSource:144] dynamic-datasource - load a datasource named [base] success
2020-07-09:15:36:30.520 [main] [INFO ] [com.baomidou.dynamic.datasource.DynamicRoutingDataSource:216] dynamic-datasource initial loaded [1] datasource,primary datasource named [base]
2020-07-09:15:36:32.479 [main] [INFO ] [com.netflix.config.sources.URLConfigurationSource:126] URLs to be used as dynamic configuration source: [file:/C:/Home/ws/service/resource/code/target/classes/config.properties]
2020-07-09:15:36:32.527 [main] [INFO ] [com.netflix.config.DynamicPropertyFactory:281     ] DynamicPropertyFactory is initialized with configuration sources: com.netflix.config.ConcurrentCompositeConfiguration@280484c7
2020-07-09:15:36:34.003 [main] [INFO ] [org.springframework.boot.actuate.endpoint.web.EndpointLinksResolver:58] Exposing 2 endpoint(s) beneath base path '/actuator'
2020-07-09:15:36:35.060 [main] [INFO ] [com.netflix.config.sources.URLConfigurationSource:126] URLs to be used as dynamic configuration source: [file:/C:/Home/ws/service/resource/code/target/classes/config.properties]
2020-07-09:15:36:35.502 [main] [INFO ] [org.springframework.scheduling.concurrent.ThreadPoolTaskExecutor:181] Initializing ExecutorService 'applicationTaskExecutor'
2020-07-09:15:36:36.057 [main] [INFO ] [org.springframework.scheduling.concurrent.ThreadPoolTaskScheduler:181] Initializing ExecutorService 'Nacso-Watch-Task-Scheduler'
2020-07-09:15:36:36.228 [main] [INFO ] [springfox.documentation.spring.web.PropertySourcedRequestMappingHandlerMapping:69] Mapped URL path [/v2/api-docs] onto method [springfox.documentation.swagger2.web.Swagger2Controller#getDocumentation(String, HttpServletRequest)]
2020-07-09:15:36:37.696 [main] [INFO ] [org.springframework.security.web.DefaultSecurityFilterChain:43] Creating filter chain: OrRequestMatcher [requestMatchers=[Ant [pattern='/**']]], [org.springframework.security.web.context.request.async.WebAsyncManagerIntegrationFilter@2b0d85bd, org.springframework.security.web.context.SecurityContextPersistenceFilter@11a67420, org.springframework.security.web.header.HeaderWriterFilter@758d4aa9, org.springframework.security.web.authentication.logout.LogoutFilter@1253b822, org.springframework.security.oauth2.provider.authentication.OAuth2AuthenticationProcessingFilter@6bfbab1c, org.springframework.security.web.authentication.www.BasicAuthenticationFilter@215a329c, org.springframework.security.web.savedrequest.RequestCacheAwareFilter@11b14ae3, org.springframework.security.web.servletapi.SecurityContextHolderAwareRequestFilter@1325f967, org.springframework.security.web.authentication.AnonymousAuthenticationFilter@102ecb61, org.springframework.security.web.session.SessionManagementFilter@335896bd, org.springframework.security.web.access.ExceptionTranslationFilter@46a97805, org.springframework.security.web.access.intercept.FilterSecurityInterceptor@cb1c58c]
2020-07-09:15:36:39.285 [main] [INFO ] [springfox.documentation.spring.web.plugins.DocumentationPluginsBootstrapper:160] Context refreshed
2020-07-09:15:36:39.322 [main] [INFO ] [springfox.documentation.spring.web.plugins.DocumentationPluginsBootstrapper:163] Found 1 custom documentation plugin(s)
2020-07-09:15:36:39.398 [main] [INFO ] [springfox.documentation.spring.web.scanners.ApiListingReferenceScanner:41] Scanning for api listing references
2020-07-09:15:36:39.775 [main] [INFO ] [GeneratorConfigTest:61                            ] Started GeneratorConfigTest in 16.056 seconds (JVM running for 18.114)
2020-07-09:15:36:40.637 [SpringContextShutdownHook] [INFO ] [org.springframework.scheduling.concurrent.ThreadPoolTaskExecutor:218] Shutting down ExecutorService 'applicationTaskExecutor'
2020-07-09:15:36:40.647 [SpringContextShutdownHook] [INFO ] [com.baomidou.dynamic.datasource.DynamicRoutingDataSource:184] dynamic-datasource start closing ....
2020-07-09:15:36:40.648 [SpringContextShutdownHook] [INFO ] [com.zaxxer.hikari.HikariDataSource:350            ] base - Shutdown initiated...
2020-07-09:15:36:40.656 [SpringContextShutdownHook] [INFO ] [com.zaxxer.hikari.HikariDataSource:352            ] base - Shutdown completed.
2020-07-09:15:36:40.656 [SpringContextShutdownHook] [INFO ] [com.baomidou.dynamic.datasource.DynamicRoutingDataSource:200] dynamic-datasource all closed success,bye
2020-07-09:15:37:09.831 [main] [INFO ] [org.springframework.context.support.PostProcessorRegistrationDelegate$BeanPostProcessorChecker:335] Bean 'org.springframework.cloud.autoconfigure.ConfigurationPropertiesRebinderAutoConfiguration' of type [org.springframework.cloud.autoconfigure.ConfigurationPropertiesRebinderAutoConfiguration] is not eligible for getting processed by all BeanPostProcessors (for example: not eligible for auto-proxying)
2020-07-09:15:37:10.381 [main] [INFO ] [GeneratorConfigTest:655                           ] The following profiles are active: dev
2020-07-09:15:37:12.159 [main] [WARN ] [org.springframework.boot.actuate.endpoint.EndpointId:155] Endpoint ID 'nacos-discovery' contains invalid characters, please migrate to a valid format.
2020-07-09:15:37:13.009 [main] [WARN ] [org.springframework.boot.actuate.endpoint.EndpointId:155] Endpoint ID 'service-registry' contains invalid characters, please migrate to a valid format.
2020-07-09:15:37:13.490 [main] [INFO ] [org.springframework.cloud.context.scope.GenericScope:295] BeanFactory id=2393ba06-ef22-3be2-a00e-88ea14ac6f9e
2020-07-09:15:37:14.492 [main] [INFO ] [org.springframework.context.support.PostProcessorRegistrationDelegate$BeanPostProcessorChecker:335] Bean 'org.springframework.security.access.expression.method.DefaultMethodSecurityExpressionHandler@6b27b2d0' of type [org.springframework.security.access.expression.method.DefaultMethodSecurityExpressionHandler] is not eligible for getting processed by all BeanPostProcessors (for example: not eligible for auto-proxying)
2020-07-09:15:37:14.526 [main] [INFO ] [org.springframework.context.support.PostProcessorRegistrationDelegate$BeanPostProcessorChecker:335] Bean 'methodSecurityMetadataSource' of type [org.springframework.security.access.method.DelegatingMethodSecurityMetadataSource] is not eligible for getting processed by all BeanPostProcessors (for example: not eligible for auto-proxying)
2020-07-09:15:37:14.584 [main] [INFO ] [org.springframework.context.support.PostProcessorRegistrationDelegate$BeanPostProcessorChecker:335] Bean 'spring.datasource.dynamic-com.baomidou.dynamic.datasource.spring.boot.autoconfigure.DynamicDataSourceProperties' of type [com.baomidou.dynamic.datasource.spring.boot.autoconfigure.DynamicDataSourceProperties] is not eligible for getting processed by all BeanPostProcessors (for example: not eligible for auto-proxying)
2020-07-09:15:37:14.592 [main] [INFO ] [org.springframework.context.support.PostProcessorRegistrationDelegate$BeanPostProcessorChecker:335] Bean 'com.baomidou.dynamic.datasource.spring.boot.autoconfigure.DynamicDataSourceAutoConfiguration' of type [com.baomidou.dynamic.datasource.spring.boot.autoconfigure.DynamicDataSourceAutoConfiguration$$EnhancerBySpringCGLIB$$96dbca18] is not eligible for getting processed by all BeanPostProcessors (for example: not eligible for auto-proxying)
2020-07-09:15:37:14.631 [main] [INFO ] [org.springframework.context.support.PostProcessorRegistrationDelegate$BeanPostProcessorChecker:335] Bean 'dsProcessor' of type [com.baomidou.dynamic.datasource.processor.DsHeaderProcessor] is not eligible for getting processed by all BeanPostProcessors (for example: not eligible for auto-proxying)
2020-07-09:15:37:14.661 [main] [INFO ] [org.springframework.context.support.PostProcessorRegistrationDelegate$BeanPostProcessorChecker:335] Bean 'dynamicDatasourceAnnotationAdvisor' of type [com.baomidou.dynamic.datasource.aop.DynamicDataSourceAnnotationAdvisor] is not eligible for getting processed by all BeanPostProcessors (for example: not eligible for auto-proxying)
2020-07-09:15:37:14.699 [main] [INFO ] [org.springframework.context.support.PostProcessorRegistrationDelegate$BeanPostProcessorChecker:335] Bean 'org.springframework.cloud.autoconfigure.ConfigurationPropertiesRebinderAutoConfiguration' of type [org.springframework.cloud.autoconfigure.ConfigurationPropertiesRebinderAutoConfiguration] is not eligible for getting processed by all BeanPostProcessors (for example: not eligible for auto-proxying)
2020-07-09:15:37:14.720 [main] [INFO ] [org.springframework.context.support.PostProcessorRegistrationDelegate$BeanPostProcessorChecker:335] Bean 'org.springframework.cloud.client.loadbalancer.reactive.LoadBalancerBeanPostProcessorAutoConfiguration' of type [org.springframework.cloud.client.loadbalancer.reactive.LoadBalancerBeanPostProcessorAutoConfiguration] is not eligible for getting processed by all BeanPostProcessors (for example: not eligible for auto-proxying)
2020-07-09:15:37:14.735 [main] [INFO ] [org.springframework.context.support.PostProcessorRegistrationDelegate$BeanPostProcessorChecker:335] Bean 'org.springframework.cloud.client.loadbalancer.reactive.LoadBalancerBeanPostProcessorAutoConfiguration$ReactiveLoadBalancerConfig' of type [org.springframework.cloud.client.loadbalancer.reactive.LoadBalancerBeanPostProcessorAutoConfiguration$ReactiveLoadBalancerConfig] is not eligible for getting processed by all BeanPostProcessors (for example: not eligible for auto-proxying)
2020-07-09:15:37:14.746 [main] [INFO ] [org.springframework.context.support.PostProcessorRegistrationDelegate$BeanPostProcessorChecker:335] Bean 'deferringLoadBalancerExchangeFilterFunction' of type [org.springframework.cloud.client.loadbalancer.reactive.DeferringLoadBalancerExchangeFilterFunction] is not eligible for getting processed by all BeanPostProcessors (for example: not eligible for auto-proxying)
2020-07-09:15:37:14.949 [main] [INFO ] [com.zaxxer.hikari.HikariDataSource:80             ] base - Starting...
2020-07-09:15:37:15.610 [main] [INFO ] [com.zaxxer.hikari.HikariDataSource:82             ] base - Start completed.
2020-07-09:15:37:15.610 [main] [INFO ] [com.baomidou.dynamic.datasource.DynamicRoutingDataSource:144] dynamic-datasource - load a datasource named [base] success
2020-07-09:15:37:15.611 [main] [INFO ] [com.baomidou.dynamic.datasource.DynamicRoutingDataSource:216] dynamic-datasource initial loaded [1] datasource,primary datasource named [base]
2020-07-09:15:37:17.655 [main] [INFO ] [com.netflix.config.sources.URLConfigurationSource:126] URLs to be used as dynamic configuration source: [file:/C:/Home/ws/service/resource/code/target/classes/config.properties]
2020-07-09:15:37:17.707 [main] [INFO ] [com.netflix.config.DynamicPropertyFactory:281     ] DynamicPropertyFactory is initialized with configuration sources: com.netflix.config.ConcurrentCompositeConfiguration@280484c7
2020-07-09:15:37:19.208 [main] [INFO ] [org.springframework.boot.actuate.endpoint.web.EndpointLinksResolver:58] Exposing 2 endpoint(s) beneath base path '/actuator'
2020-07-09:15:37:20.310 [main] [INFO ] [com.netflix.config.sources.URLConfigurationSource:126] URLs to be used as dynamic configuration source: [file:/C:/Home/ws/service/resource/code/target/classes/config.properties]
2020-07-09:15:37:20.762 [main] [INFO ] [org.springframework.scheduling.concurrent.ThreadPoolTaskExecutor:181] Initializing ExecutorService 'applicationTaskExecutor'
2020-07-09:15:37:21.262 [main] [INFO ] [org.springframework.scheduling.concurrent.ThreadPoolTaskScheduler:181] Initializing ExecutorService 'Nacso-Watch-Task-Scheduler'
2020-07-09:15:37:21.459 [main] [INFO ] [springfox.documentation.spring.web.PropertySourcedRequestMappingHandlerMapping:69] Mapped URL path [/v2/api-docs] onto method [springfox.documentation.swagger2.web.Swagger2Controller#getDocumentation(String, HttpServletRequest)]
2020-07-09:15:37:23.013 [main] [INFO ] [org.springframework.security.web.DefaultSecurityFilterChain:43] Creating filter chain: OrRequestMatcher [requestMatchers=[Ant [pattern='/**']]], [org.springframework.security.web.context.request.async.WebAsyncManagerIntegrationFilter@7944c323, org.springframework.security.web.context.SecurityContextPersistenceFilter@11b14ae3, org.springframework.security.web.header.HeaderWriterFilter@7096d451, org.springframework.security.web.authentication.logout.LogoutFilter@3cc2e3e, org.springframework.security.oauth2.provider.authentication.OAuth2AuthenticationProcessingFilter@3700994c, org.springframework.security.web.authentication.www.BasicAuthenticationFilter@102ecb61, org.springframework.security.web.savedrequest.RequestCacheAwareFilter@9cb927e, org.springframework.security.web.servletapi.SecurityContextHolderAwareRequestFilter@1ab85862, org.springframework.security.web.authentication.AnonymousAuthenticationFilter@637d111d, org.springframework.security.web.session.SessionManagementFilter@666b91db, org.springframework.security.web.access.ExceptionTranslationFilter@af04f09, org.springframework.security.web.access.intercept.FilterSecurityInterceptor@10a064bd]
2020-07-09:15:37:24.718 [main] [INFO ] [springfox.documentation.spring.web.plugins.DocumentationPluginsBootstrapper:160] Context refreshed
2020-07-09:15:37:24.765 [main] [INFO ] [springfox.documentation.spring.web.plugins.DocumentationPluginsBootstrapper:163] Found 1 custom documentation plugin(s)
2020-07-09:15:37:24.857 [main] [INFO ] [springfox.documentation.spring.web.scanners.ApiListingReferenceScanner:41] Scanning for api listing references
2020-07-09:15:37:25.333 [main] [INFO ] [GeneratorConfigTest:61                            ] Started GeneratorConfigTest in 16.966 seconds (JVM running for 19.09)
2020-07-09:15:37:26.568 [SpringContextShutdownHook] [INFO ] [org.springframework.scheduling.concurrent.ThreadPoolTaskExecutor:218] Shutting down ExecutorService 'applicationTaskExecutor'
2020-07-09:15:37:26.577 [SpringContextShutdownHook] [INFO ] [com.baomidou.dynamic.datasource.DynamicRoutingDataSource:184] dynamic-datasource start closing ....
2020-07-09:15:37:26.578 [SpringContextShutdownHook] [INFO ] [com.zaxxer.hikari.HikariDataSource:350            ] base - Shutdown initiated...
2020-07-09:15:37:26.589 [SpringContextShutdownHook] [INFO ] [com.zaxxer.hikari.HikariDataSource:352            ] base - Shutdown completed.
2020-07-09:15:37:26.590 [SpringContextShutdownHook] [INFO ] [com.baomidou.dynamic.datasource.DynamicRoutingDataSource:200] dynamic-datasource all closed success,bye
2020-07-09:15:41:16.817 [main] [INFO ] [org.springframework.context.support.PostProcessorRegistrationDelegate$BeanPostProcessorChecker:335] Bean 'org.springframework.cloud.autoconfigure.ConfigurationPropertiesRebinderAutoConfiguration' of type [org.springframework.cloud.autoconfigure.ConfigurationPropertiesRebinderAutoConfiguration] is not eligible for getting processed by all BeanPostProcessors (for example: not eligible for auto-proxying)
2020-07-09:15:41:17.395 [main] [INFO ] [GeneratorConfigTest:655                           ] The following profiles are active: dev
2020-07-09:15:41:19.001 [main] [WARN ] [org.springframework.boot.actuate.endpoint.EndpointId:155] Endpoint ID 'nacos-discovery' contains invalid characters, please migrate to a valid format.
2020-07-09:15:41:19.610 [main] [WARN ] [org.springframework.boot.actuate.endpoint.EndpointId:155] Endpoint ID 'service-registry' contains invalid characters, please migrate to a valid format.
2020-07-09:15:41:20.098 [main] [INFO ] [org.springframework.cloud.context.scope.GenericScope:295] BeanFactory id=2393ba06-ef22-3be2-a00e-88ea14ac6f9e
2020-07-09:15:41:21.175 [main] [INFO ] [org.springframework.context.support.PostProcessorRegistrationDelegate$BeanPostProcessorChecker:335] Bean 'org.springframework.security.access.expression.method.DefaultMethodSecurityExpressionHandler@118041c7' of type [org.springframework.security.access.expression.method.DefaultMethodSecurityExpressionHandler] is not eligible for getting processed by all BeanPostProcessors (for example: not eligible for auto-proxying)
2020-07-09:15:41:21.209 [main] [INFO ] [org.springframework.context.support.PostProcessorRegistrationDelegate$BeanPostProcessorChecker:335] Bean 'methodSecurityMetadataSource' of type [org.springframework.security.access.method.DelegatingMethodSecurityMetadataSource] is not eligible for getting processed by all BeanPostProcessors (for example: not eligible for auto-proxying)
2020-07-09:15:41:21.260 [main] [INFO ] [org.springframework.context.support.PostProcessorRegistrationDelegate$BeanPostProcessorChecker:335] Bean 'spring.datasource.dynamic-com.baomidou.dynamic.datasource.spring.boot.autoconfigure.DynamicDataSourceProperties' of type [com.baomidou.dynamic.datasource.spring.boot.autoconfigure.DynamicDataSourceProperties] is not eligible for getting processed by all BeanPostProcessors (for example: not eligible for auto-proxying)
2020-07-09:15:41:21.266 [main] [INFO ] [org.springframework.context.support.PostProcessorRegistrationDelegate$BeanPostProcessorChecker:335] Bean 'com.baomidou.dynamic.datasource.spring.boot.autoconfigure.DynamicDataSourceAutoConfiguration' of type [com.baomidou.dynamic.datasource.spring.boot.autoconfigure.DynamicDataSourceAutoConfiguration$$EnhancerBySpringCGLIB$$3190fb17] is not eligible for getting processed by all BeanPostProcessors (for example: not eligible for auto-proxying)
2020-07-09:15:41:21.298 [main] [INFO ] [org.springframework.context.support.PostProcessorRegistrationDelegate$BeanPostProcessorChecker:335] Bean 'dsProcessor' of type [com.baomidou.dynamic.datasource.processor.DsHeaderProcessor] is not eligible for getting processed by all BeanPostProcessors (for example: not eligible for auto-proxying)
2020-07-09:15:41:21.321 [main] [INFO ] [org.springframework.context.support.PostProcessorRegistrationDelegate$BeanPostProcessorChecker:335] Bean 'dynamicDatasourceAnnotationAdvisor' of type [com.baomidou.dynamic.datasource.aop.DynamicDataSourceAnnotationAdvisor] is not eligible for getting processed by all BeanPostProcessors (for example: not eligible for auto-proxying)
2020-07-09:15:41:21.354 [main] [INFO ] [org.springframework.context.support.PostProcessorRegistrationDelegate$BeanPostProcessorChecker:335] Bean 'org.springframework.cloud.autoconfigure.ConfigurationPropertiesRebinderAutoConfiguration' of type [org.springframework.cloud.autoconfigure.ConfigurationPropertiesRebinderAutoConfiguration] is not eligible for getting processed by all BeanPostProcessors (for example: not eligible for auto-proxying)
2020-07-09:15:41:21.372 [main] [INFO ] [org.springframework.context.support.PostProcessorRegistrationDelegate$BeanPostProcessorChecker:335] Bean 'org.springframework.cloud.client.loadbalancer.reactive.LoadBalancerBeanPostProcessorAutoConfiguration' of type [org.springframework.cloud.client.loadbalancer.reactive.LoadBalancerBeanPostProcessorAutoConfiguration] is not eligible for getting processed by all BeanPostProcessors (for example: not eligible for auto-proxying)
2020-07-09:15:41:21.379 [main] [INFO ] [org.springframework.context.support.PostProcessorRegistrationDelegate$BeanPostProcessorChecker:335] Bean 'org.springframework.cloud.client.loadbalancer.reactive.LoadBalancerBeanPostProcessorAutoConfiguration$ReactiveLoadBalancerConfig' of type [org.springframework.cloud.client.loadbalancer.reactive.LoadBalancerBeanPostProcessorAutoConfiguration$ReactiveLoadBalancerConfig] is not eligible for getting processed by all BeanPostProcessors (for example: not eligible for auto-proxying)
2020-07-09:15:41:21.391 [main] [INFO ] [org.springframework.context.support.PostProcessorRegistrationDelegate$BeanPostProcessorChecker:335] Bean 'deferringLoadBalancerExchangeFilterFunction' of type [org.springframework.cloud.client.loadbalancer.reactive.DeferringLoadBalancerExchangeFilterFunction] is not eligible for getting processed by all BeanPostProcessors (for example: not eligible for auto-proxying)
2020-07-09:15:41:21.614 [main] [INFO ] [com.zaxxer.hikari.HikariDataSource:80             ] base - Starting...
2020-07-09:15:41:22.340 [main] [INFO ] [com.zaxxer.hikari.HikariDataSource:82             ] base - Start completed.
2020-07-09:15:41:22.340 [main] [INFO ] [com.baomidou.dynamic.datasource.DynamicRoutingDataSource:144] dynamic-datasource - load a datasource named [base] success
2020-07-09:15:41:22.341 [main] [INFO ] [com.baomidou.dynamic.datasource.DynamicRoutingDataSource:216] dynamic-datasource initial loaded [1] datasource,primary datasource named [base]
2020-07-09:15:41:24.180 [main] [INFO ] [com.netflix.config.sources.URLConfigurationSource:126] URLs to be used as dynamic configuration source: [file:/C:/Home/ws/service/resource/code/target/classes/config.properties]
2020-07-09:15:41:24.229 [main] [INFO ] [com.netflix.config.DynamicPropertyFactory:281     ] DynamicPropertyFactory is initialized with configuration sources: com.netflix.config.ConcurrentCompositeConfiguration@298263fa
2020-07-09:15:41:25.759 [main] [INFO ] [org.springframework.boot.actuate.endpoint.web.EndpointLinksResolver:58] Exposing 2 endpoint(s) beneath base path '/actuator'
2020-07-09:15:41:27.055 [main] [INFO ] [com.netflix.config.sources.URLConfigurationSource:126] URLs to be used as dynamic configuration source: [file:/C:/Home/ws/service/resource/code/target/classes/config.properties]
2020-07-09:15:41:27.763 [main] [INFO ] [org.springframework.scheduling.concurrent.ThreadPoolTaskExecutor:181] Initializing ExecutorService 'applicationTaskExecutor'
2020-07-09:15:41:28.499 [main] [INFO ] [org.springframework.scheduling.concurrent.ThreadPoolTaskScheduler:181] Initializing ExecutorService 'Nacso-Watch-Task-Scheduler'
2020-07-09:15:41:28.674 [main] [INFO ] [springfox.documentation.spring.web.PropertySourcedRequestMappingHandlerMapping:69] Mapped URL path [/v2/api-docs] onto method [springfox.documentation.swagger2.web.Swagger2Controller#getDocumentation(String, HttpServletRequest)]
2020-07-09:15:41:30.779 [main] [INFO ] [org.springframework.security.web.DefaultSecurityFilterChain:43] Creating filter chain: OrRequestMatcher [requestMatchers=[Ant [pattern='/**']]], [org.springframework.security.web.context.request.async.WebAsyncManagerIntegrationFilter@72a0a60d, org.springframework.security.web.context.SecurityContextPersistenceFilter@3e55eeb9, org.springframework.security.web.header.HeaderWriterFilter@62c47480, org.springframework.security.web.authentication.logout.LogoutFilter@1aa31454, org.springframework.security.oauth2.provider.authentication.OAuth2AuthenticationProcessingFilter@4258106, org.springframework.security.web.authentication.www.BasicAuthenticationFilter@1acc768, org.springframework.security.web.savedrequest.RequestCacheAwareFilter@1253b822, org.springframework.security.web.servletapi.SecurityContextHolderAwareRequestFilter@4189e668, org.springframework.security.web.authentication.AnonymousAuthenticationFilter@65930e02, org.springframework.security.web.session.SessionManagementFilter@4247093b, org.springframework.security.web.access.ExceptionTranslationFilter@6c9e74f3, org.springframework.security.web.access.intercept.FilterSecurityInterceptor@1ed12d10]
2020-07-09:15:41:32.727 [main] [INFO ] [springfox.documentation.spring.web.plugins.DocumentationPluginsBootstrapper:160] Context refreshed
2020-07-09:15:41:32.812 [main] [INFO ] [springfox.documentation.spring.web.plugins.DocumentationPluginsBootstrapper:163] Found 1 custom documentation plugin(s)
2020-07-09:15:41:32.911 [main] [INFO ] [springfox.documentation.spring.web.scanners.ApiListingReferenceScanner:41] Scanning for api listing references
2020-07-09:15:41:33.318 [main] [INFO ] [GeneratorConfigTest:61                            ] Started GeneratorConfigTest in 17.815 seconds (JVM running for 20.317)
2020-07-09:15:41:34.198 [SpringContextShutdownHook] [INFO ] [org.springframework.scheduling.concurrent.ThreadPoolTaskExecutor:218] Shutting down ExecutorService 'applicationTaskExecutor'
2020-07-09:15:41:34.211 [SpringContextShutdownHook] [INFO ] [com.baomidou.dynamic.datasource.DynamicRoutingDataSource:184] dynamic-datasource start closing ....
2020-07-09:15:41:34.212 [SpringContextShutdownHook] [INFO ] [com.zaxxer.hikari.HikariDataSource:350            ] base - Shutdown initiated...
2020-07-09:15:41:34.222 [SpringContextShutdownHook] [INFO ] [com.zaxxer.hikari.HikariDataSource:352            ] base - Shutdown completed.
2020-07-09:15:41:34.222 [SpringContextShutdownHook] [INFO ] [com.baomidou.dynamic.datasource.DynamicRoutingDataSource:200] dynamic-datasource all closed success,bye
2020-07-09:15:43:19.286 [main] [INFO ] [org.springframework.context.support.PostProcessorRegistrationDelegate$BeanPostProcessorChecker:335] Bean 'org.springframework.cloud.autoconfigure.ConfigurationPropertiesRebinderAutoConfiguration' of type [org.springframework.cloud.autoconfigure.ConfigurationPropertiesRebinderAutoConfiguration] is not eligible for getting processed by all BeanPostProcessors (for example: not eligible for auto-proxying)
2020-07-09:15:43:19.838 [main] [INFO ] [GeneratorConfigTest:655                           ] The following profiles are active: dev
2020-07-09:15:43:21.520 [main] [WARN ] [org.springframework.boot.actuate.endpoint.EndpointId:155] Endpoint ID 'nacos-discovery' contains invalid characters, please migrate to a valid format.
2020-07-09:15:43:22.144 [main] [WARN ] [org.springframework.boot.actuate.endpoint.EndpointId:155] Endpoint ID 'service-registry' contains invalid characters, please migrate to a valid format.
2020-07-09:15:43:22.617 [main] [INFO ] [org.springframework.cloud.context.scope.GenericScope:295] BeanFactory id=2393ba06-ef22-3be2-a00e-88ea14ac6f9e
2020-07-09:15:43:24.102 [main] [INFO ] [org.springframework.context.support.PostProcessorRegistrationDelegate$BeanPostProcessorChecker:335] Bean 'org.springframework.security.access.expression.method.DefaultMethodSecurityExpressionHandler@6b27b2d0' of type [org.springframework.security.access.expression.method.DefaultMethodSecurityExpressionHandler] is not eligible for getting processed by all BeanPostProcessors (for example: not eligible for auto-proxying)
2020-07-09:15:43:24.151 [main] [INFO ] [org.springframework.context.support.PostProcessorRegistrationDelegate$BeanPostProcessorChecker:335] Bean 'methodSecurityMetadataSource' of type [org.springframework.security.access.method.DelegatingMethodSecurityMetadataSource] is not eligible for getting processed by all BeanPostProcessors (for example: not eligible for auto-proxying)
2020-07-09:15:43:24.210 [main] [INFO ] [org.springframework.context.support.PostProcessorRegistrationDelegate$BeanPostProcessorChecker:335] Bean 'spring.datasource.dynamic-com.baomidou.dynamic.datasource.spring.boot.autoconfigure.DynamicDataSourceProperties' of type [com.baomidou.dynamic.datasource.spring.boot.autoconfigure.DynamicDataSourceProperties] is not eligible for getting processed by all BeanPostProcessors (for example: not eligible for auto-proxying)
2020-07-09:15:43:24.215 [main] [INFO ] [org.springframework.context.support.PostProcessorRegistrationDelegate$BeanPostProcessorChecker:335] Bean 'com.baomidou.dynamic.datasource.spring.boot.autoconfigure.DynamicDataSourceAutoConfiguration' of type [com.baomidou.dynamic.datasource.spring.boot.autoconfigure.DynamicDataSourceAutoConfiguration$$EnhancerBySpringCGLIB$$96dbca18] is not eligible for getting processed by all BeanPostProcessors (for example: not eligible for auto-proxying)
2020-07-09:15:43:24.251 [main] [INFO ] [org.springframework.context.support.PostProcessorRegistrationDelegate$BeanPostProcessorChecker:335] Bean 'dsProcessor' of type [com.baomidou.dynamic.datasource.processor.DsHeaderProcessor] is not eligible for getting processed by all BeanPostProcessors (for example: not eligible for auto-proxying)
2020-07-09:15:43:24.281 [main] [INFO ] [org.springframework.context.support.PostProcessorRegistrationDelegate$BeanPostProcessorChecker:335] Bean 'dynamicDatasourceAnnotationAdvisor' of type [com.baomidou.dynamic.datasource.aop.DynamicDataSourceAnnotationAdvisor] is not eligible for getting processed by all BeanPostProcessors (for example: not eligible for auto-proxying)
2020-07-09:15:43:24.322 [main] [INFO ] [org.springframework.context.support.PostProcessorRegistrationDelegate$BeanPostProcessorChecker:335] Bean 'org.springframework.cloud.autoconfigure.ConfigurationPropertiesRebinderAutoConfiguration' of type [org.springframework.cloud.autoconfigure.ConfigurationPropertiesRebinderAutoConfiguration] is not eligible for getting processed by all BeanPostProcessors (for example: not eligible for auto-proxying)
2020-07-09:15:43:24.344 [main] [INFO ] [org.springframework.context.support.PostProcessorRegistrationDelegate$BeanPostProcessorChecker:335] Bean 'org.springframework.cloud.client.loadbalancer.reactive.LoadBalancerBeanPostProcessorAutoConfiguration' of type [org.springframework.cloud.client.loadbalancer.reactive.LoadBalancerBeanPostProcessorAutoConfiguration] is not eligible for getting processed by all BeanPostProcessors (for example: not eligible for auto-proxying)
2020-07-09:15:43:24.351 [main] [INFO ] [org.springframework.context.support.PostProcessorRegistrationDelegate$BeanPostProcessorChecker:335] Bean 'org.springframework.cloud.client.loadbalancer.reactive.LoadBalancerBeanPostProcessorAutoConfiguration$ReactiveLoadBalancerConfig' of type [org.springframework.cloud.client.loadbalancer.reactive.LoadBalancerBeanPostProcessorAutoConfiguration$ReactiveLoadBalancerConfig] is not eligible for getting processed by all BeanPostProcessors (for example: not eligible for auto-proxying)
2020-07-09:15:43:24.360 [main] [INFO ] [org.springframework.context.support.PostProcessorRegistrationDelegate$BeanPostProcessorChecker:335] Bean 'deferringLoadBalancerExchangeFilterFunction' of type [org.springframework.cloud.client.loadbalancer.reactive.DeferringLoadBalancerExchangeFilterFunction] is not eligible for getting processed by all BeanPostProcessors (for example: not eligible for auto-proxying)
2020-07-09:15:43:24.557 [main] [INFO ] [com.zaxxer.hikari.HikariDataSource:80             ] base - Starting...
2020-07-09:15:43:25.304 [main] [INFO ] [com.zaxxer.hikari.HikariDataSource:82             ] base - Start completed.
2020-07-09:15:43:25.305 [main] [INFO ] [com.baomidou.dynamic.datasource.DynamicRoutingDataSource:144] dynamic-datasource - load a datasource named [base] success
2020-07-09:15:43:25.305 [main] [INFO ] [com.baomidou.dynamic.datasource.DynamicRoutingDataSource:216] dynamic-datasource initial loaded [1] datasource,primary datasource named [base]
2020-07-09:15:43:27.307 [main] [INFO ] [com.netflix.config.sources.URLConfigurationSource:126] URLs to be used as dynamic configuration source: [file:/C:/Home/ws/service/resource/code/target/classes/config.properties]
2020-07-09:15:43:27.354 [main] [INFO ] [com.netflix.config.DynamicPropertyFactory:281     ] DynamicPropertyFactory is initialized with configuration sources: com.netflix.config.ConcurrentCompositeConfiguration@280484c7
2020-07-09:15:43:28.832 [main] [INFO ] [org.springframework.boot.actuate.endpoint.web.EndpointLinksResolver:58] Exposing 2 endpoint(s) beneath base path '/actuator'
2020-07-09:15:43:29.848 [main] [INFO ] [com.netflix.config.sources.URLConfigurationSource:126] URLs to be used as dynamic configuration source: [file:/C:/Home/ws/service/resource/code/target/classes/config.properties]
2020-07-09:15:43:30.300 [main] [INFO ] [org.springframework.scheduling.concurrent.ThreadPoolTaskExecutor:181] Initializing ExecutorService 'applicationTaskExecutor'
2020-07-09:15:43:30.824 [main] [INFO ] [org.springframework.scheduling.concurrent.ThreadPoolTaskScheduler:181] Initializing ExecutorService 'Nacso-Watch-Task-Scheduler'
2020-07-09:15:43:30.987 [main] [INFO ] [springfox.documentation.spring.web.PropertySourcedRequestMappingHandlerMapping:69] Mapped URL path [/v2/api-docs] onto method [springfox.documentation.swagger2.web.Swagger2Controller#getDocumentation(String, HttpServletRequest)]
2020-07-09:15:43:32.468 [main] [INFO ] [org.springframework.security.web.DefaultSecurityFilterChain:43] Creating filter chain: OrRequestMatcher [requestMatchers=[Ant [pattern='/**']]], [org.springframework.security.web.context.request.async.WebAsyncManagerIntegrationFilter@1f57666b, org.springframework.security.web.context.SecurityContextPersistenceFilter@9cb927e, org.springframework.security.web.header.HeaderWriterFilter@67d180e4, org.springframework.security.web.authentication.logout.LogoutFilter@4189e668, org.springframework.security.oauth2.provider.authentication.OAuth2AuthenticationProcessingFilter@4eb48298, org.springframework.security.web.authentication.www.BasicAuthenticationFilter@2b0d85bd, org.springframework.security.web.savedrequest.RequestCacheAwareFilter@1325f967, org.springframework.security.web.servletapi.SecurityContextHolderAwareRequestFilter@6c9e74f3, org.springframework.security.web.authentication.AnonymousAuthenticationFilter@7944c323, org.springframework.security.web.session.SessionManagementFilter@663cf5d7, org.springframework.security.web.access.ExceptionTranslationFilter@78e97d4d, org.springframework.security.web.access.intercept.FilterSecurityInterceptor@2ff8d39b]
2020-07-09:15:43:34.030 [main] [INFO ] [springfox.documentation.spring.web.plugins.DocumentationPluginsBootstrapper:160] Context refreshed
2020-07-09:15:43:34.087 [main] [INFO ] [springfox.documentation.spring.web.plugins.DocumentationPluginsBootstrapper:163] Found 1 custom documentation plugin(s)
2020-07-09:15:43:34.161 [main] [INFO ] [springfox.documentation.spring.web.scanners.ApiListingReferenceScanner:41] Scanning for api listing references
2020-07-09:15:43:34.480 [main] [INFO ] [GeneratorConfigTest:61                            ] Started GeneratorConfigTest in 16.514 seconds (JVM running for 18.829)
2020-07-09:15:43:35.360 [SpringContextShutdownHook] [INFO ] [org.springframework.scheduling.concurrent.ThreadPoolTaskExecutor:218] Shutting down ExecutorService 'applicationTaskExecutor'
2020-07-09:15:43:35.368 [SpringContextShutdownHook] [INFO ] [com.baomidou.dynamic.datasource.DynamicRoutingDataSource:184] dynamic-datasource start closing ....
2020-07-09:15:43:35.369 [SpringContextShutdownHook] [INFO ] [com.zaxxer.hikari.HikariDataSource:350            ] base - Shutdown initiated...
2020-07-09:15:43:35.373 [SpringContextShutdownHook] [INFO ] [com.zaxxer.hikari.HikariDataSource:352            ] base - Shutdown completed.
2020-07-09:15:43:35.374 [SpringContextShutdownHook] [INFO ] [com.baomidou.dynamic.datasource.DynamicRoutingDataSource:200] dynamic-datasource all closed success,bye
2020-07-09:15:45:19.992 [main] [INFO ] [org.springframework.context.support.PostProcessorRegistrationDelegate$BeanPostProcessorChecker:335] Bean 'org.springframework.cloud.autoconfigure.ConfigurationPropertiesRebinderAutoConfiguration' of type [org.springframework.cloud.autoconfigure.ConfigurationPropertiesRebinderAutoConfiguration] is not eligible for getting processed by all BeanPostProcessors (for example: not eligible for auto-proxying)
2020-07-09:15:45:20.580 [main] [INFO ] [GeneratorConfigTest:655                           ] The following profiles are active: dev
2020-07-09:15:45:22.227 [main] [WARN ] [org.springframework.boot.actuate.endpoint.EndpointId:155] Endpoint ID 'nacos-discovery' contains invalid characters, please migrate to a valid format.
2020-07-09:15:45:22.792 [main] [WARN ] [org.springframework.boot.actuate.endpoint.EndpointId:155] Endpoint ID 'service-registry' contains invalid characters, please migrate to a valid format.
2020-07-09:15:45:23.278 [main] [INFO ] [org.springframework.cloud.context.scope.GenericScope:295] BeanFactory id=2393ba06-ef22-3be2-a00e-88ea14ac6f9e
2020-07-09:15:45:24.384 [main] [INFO ] [org.springframework.context.support.PostProcessorRegistrationDelegate$BeanPostProcessorChecker:335] Bean 'org.springframework.security.access.expression.method.DefaultMethodSecurityExpressionHandler@6b27b2d0' of type [org.springframework.security.access.expression.method.DefaultMethodSecurityExpressionHandler] is not eligible for getting processed by all BeanPostProcessors (for example: not eligible for auto-proxying)
2020-07-09:15:45:24.422 [main] [INFO ] [org.springframework.context.support.PostProcessorRegistrationDelegate$BeanPostProcessorChecker:335] Bean 'methodSecurityMetadataSource' of type [org.springframework.security.access.method.DelegatingMethodSecurityMetadataSource] is not eligible for getting processed by all BeanPostProcessors (for example: not eligible for auto-proxying)
2020-07-09:15:45:24.485 [main] [INFO ] [org.springframework.context.support.PostProcessorRegistrationDelegate$BeanPostProcessorChecker:335] Bean 'spring.datasource.dynamic-com.baomidou.dynamic.datasource.spring.boot.autoconfigure.DynamicDataSourceProperties' of type [com.baomidou.dynamic.datasource.spring.boot.autoconfigure.DynamicDataSourceProperties] is not eligible for getting processed by all BeanPostProcessors (for example: not eligible for auto-proxying)
2020-07-09:15:45:24.493 [main] [INFO ] [org.springframework.context.support.PostProcessorRegistrationDelegate$BeanPostProcessorChecker:335] Bean 'com.baomidou.dynamic.datasource.spring.boot.autoconfigure.DynamicDataSourceAutoConfiguration' of type [com.baomidou.dynamic.datasource.spring.boot.autoconfigure.DynamicDataSourceAutoConfiguration$$EnhancerBySpringCGLIB$$96dbca18] is not eligible for getting processed by all BeanPostProcessors (for example: not eligible for auto-proxying)
2020-07-09:15:45:24.531 [main] [INFO ] [org.springframework.context.support.PostProcessorRegistrationDelegate$BeanPostProcessorChecker:335] Bean 'dsProcessor' of type [com.baomidou.dynamic.datasource.processor.DsHeaderProcessor] is not eligible for getting processed by all BeanPostProcessors (for example: not eligible for auto-proxying)
2020-07-09:15:45:24.560 [main] [INFO ] [org.springframework.context.support.PostProcessorRegistrationDelegate$BeanPostProcessorChecker:335] Bean 'dynamicDatasourceAnnotationAdvisor' of type [com.baomidou.dynamic.datasource.aop.DynamicDataSourceAnnotationAdvisor] is not eligible for getting processed by all BeanPostProcessors (for example: not eligible for auto-proxying)
2020-07-09:15:45:24.593 [main] [INFO ] [org.springframework.context.support.PostProcessorRegistrationDelegate$BeanPostProcessorChecker:335] Bean 'org.springframework.cloud.autoconfigure.ConfigurationPropertiesRebinderAutoConfiguration' of type [org.springframework.cloud.autoconfigure.ConfigurationPropertiesRebinderAutoConfiguration] is not eligible for getting processed by all BeanPostProcessors (for example: not eligible for auto-proxying)
2020-07-09:15:45:24.612 [main] [INFO ] [org.springframework.context.support.PostProcessorRegistrationDelegate$BeanPostProcessorChecker:335] Bean 'org.springframework.cloud.client.loadbalancer.reactive.LoadBalancerBeanPostProcessorAutoConfiguration' of type [org.springframework.cloud.client.loadbalancer.reactive.LoadBalancerBeanPostProcessorAutoConfiguration] is not eligible for getting processed by all BeanPostProcessors (for example: not eligible for auto-proxying)
2020-07-09:15:45:24.618 [main] [INFO ] [org.springframework.context.support.PostProcessorRegistrationDelegate$BeanPostProcessorChecker:335] Bean 'org.springframework.cloud.client.loadbalancer.reactive.LoadBalancerBeanPostProcessorAutoConfiguration$ReactiveLoadBalancerConfig' of type [org.springframework.cloud.client.loadbalancer.reactive.LoadBalancerBeanPostProcessorAutoConfiguration$ReactiveLoadBalancerConfig] is not eligible for getting processed by all BeanPostProcessors (for example: not eligible for auto-proxying)
2020-07-09:15:45:24.630 [main] [INFO ] [org.springframework.context.support.PostProcessorRegistrationDelegate$BeanPostProcessorChecker:335] Bean 'deferringLoadBalancerExchangeFilterFunction' of type [org.springframework.cloud.client.loadbalancer.reactive.DeferringLoadBalancerExchangeFilterFunction] is not eligible for getting processed by all BeanPostProcessors (for example: not eligible for auto-proxying)
2020-07-09:15:45:24.839 [main] [INFO ] [com.zaxxer.hikari.HikariDataSource:80             ] base - Starting...
2020-07-09:15:45:25.585 [main] [INFO ] [com.zaxxer.hikari.HikariDataSource:82             ] base - Start completed.
2020-07-09:15:45:25.586 [main] [INFO ] [com.baomidou.dynamic.datasource.DynamicRoutingDataSource:144] dynamic-datasource - load a datasource named [base] success
2020-07-09:15:45:25.587 [main] [INFO ] [com.baomidou.dynamic.datasource.DynamicRoutingDataSource:216] dynamic-datasource initial loaded [1] datasource,primary datasource named [base]
2020-07-09:15:45:27.706 [main] [INFO ] [com.netflix.config.sources.URLConfigurationSource:126] URLs to be used as dynamic configuration source: [file:/C:/Home/ws/service/resource/code/target/classes/config.properties]
2020-07-09:15:45:27.747 [main] [INFO ] [com.netflix.config.DynamicPropertyFactory:281     ] DynamicPropertyFactory is initialized with configuration sources: com.netflix.config.ConcurrentCompositeConfiguration@280484c7
2020-07-09:15:45:29.292 [main] [INFO ] [org.springframework.boot.actuate.endpoint.web.EndpointLinksResolver:58] Exposing 2 endpoint(s) beneath base path '/actuator'
2020-07-09:15:45:30.301 [main] [INFO ] [com.netflix.config.sources.URLConfigurationSource:126] URLs to be used as dynamic configuration source: [file:/C:/Home/ws/service/resource/code/target/classes/config.properties]
2020-07-09:15:45:30.789 [main] [INFO ] [org.springframework.scheduling.concurrent.ThreadPoolTaskExecutor:181] Initializing ExecutorService 'applicationTaskExecutor'
2020-07-09:15:45:31.297 [main] [INFO ] [org.springframework.scheduling.concurrent.ThreadPoolTaskScheduler:181] Initializing ExecutorService 'Nacso-Watch-Task-Scheduler'
2020-07-09:15:45:31.440 [main] [INFO ] [springfox.documentation.spring.web.PropertySourcedRequestMappingHandlerMapping:69] Mapped URL path [/v2/api-docs] onto method [springfox.documentation.swagger2.web.Swagger2Controller#getDocumentation(String, HttpServletRequest)]
2020-07-09:15:45:32.879 [main] [INFO ] [org.springframework.security.web.DefaultSecurityFilterChain:43] Creating filter chain: OrRequestMatcher [requestMatchers=[Ant [pattern='/**']]], [org.springframework.security.web.context.request.async.WebAsyncManagerIntegrationFilter@5bb39285, org.springframework.security.web.context.SecurityContextPersistenceFilter@666b91db, org.springframework.security.web.header.HeaderWriterFilter@af04f09, org.springframework.security.web.authentication.logout.LogoutFilter@44a13699, org.springframework.security.oauth2.provider.authentication.OAuth2AuthenticationProcessingFilter@7891cf3, org.springframework.security.web.authentication.www.BasicAuthenticationFilter@22f046b, org.springframework.security.web.savedrequest.RequestCacheAwareFilter@663cf5d7, org.springframework.security.web.servletapi.SecurityContextHolderAwareRequestFilter@8585cdd, org.springframework.security.web.authentication.AnonymousAuthenticationFilter@2b0d85bd, org.springframework.security.web.session.SessionManagementFilter@58e5fbe5, org.springframework.security.web.access.ExceptionTranslationFilter@7131d668, org.springframework.security.web.access.intercept.FilterSecurityInterceptor@7fa85a55]
2020-07-09:15:45:34.530 [main] [INFO ] [springfox.documentation.spring.web.plugins.DocumentationPluginsBootstrapper:160] Context refreshed
2020-07-09:15:45:34.566 [main] [INFO ] [springfox.documentation.spring.web.plugins.DocumentationPluginsBootstrapper:163] Found 1 custom documentation plugin(s)
2020-07-09:15:45:34.632 [main] [INFO ] [springfox.documentation.spring.web.scanners.ApiListingReferenceScanner:41] Scanning for api listing references
2020-07-09:15:45:34.966 [main] [INFO ] [GeneratorConfigTest:61                            ] Started GeneratorConfigTest in 16.662 seconds (JVM running for 18.586)
2020-07-09:15:45:35.759 [SpringContextShutdownHook] [INFO ] [org.springframework.scheduling.concurrent.ThreadPoolTaskExecutor:218] Shutting down ExecutorService 'applicationTaskExecutor'
2020-07-09:15:45:35.769 [SpringContextShutdownHook] [INFO ] [com.baomidou.dynamic.datasource.DynamicRoutingDataSource:184] dynamic-datasource start closing ....
2020-07-09:15:45:35.769 [SpringContextShutdownHook] [INFO ] [com.zaxxer.hikari.HikariDataSource:350            ] base - Shutdown initiated...
2020-07-09:15:45:35.778 [SpringContextShutdownHook] [INFO ] [com.zaxxer.hikari.HikariDataSource:352            ] base - Shutdown completed.
2020-07-09:15:45:35.778 [SpringContextShutdownHook] [INFO ] [com.baomidou.dynamic.datasource.DynamicRoutingDataSource:200] dynamic-datasource all closed success,bye
